Student output
(<PROGRAM>
  (<FDEFS>
    (<FDEFS>
      (<FDEFS>
        (<EPSILON>)
      )
      (<FUNC_DEF_API>
        (<TYPE>
          (<int>)
        )
        (<id,foo>)
        (<(>)
        (<FUNC_ARGLIST>
          (<DCL>
            (<id,a>)
            (<,>)
            (<DCL>
              (<id,b>)
              (<,>)
              (<DCL>
                (<id,c>)
                (<:>)
                (<TYPE>
                  (<int>)
                )
              )
            )
          )
          (<,>)
          (<DCL>
            (<id,d>)
            (<:>)
            (<TYPE>
              (<int>)
            )
          )
        )
        (<)>)
      )
      (<BLK>
        (<{>)
        (<STLIST>
          (<STLIST>
            (<EPSILON>)
          )
          (<STMT>
            (<RETURN>
              (<return>)
              (<EXP>
                (<EXP>
                  (<EXP>
                    (<EXP>
                      (<id,a>)
                    )
                    (<addop,+>)
                    (<EXP>
                      (<id,b>)
                    )
                  )
                  (<addop,+>)
                  (<EXP>
                    (<id,c>)
                  )
                )
                (<addop,+>)
                (<EXP>
                  (<id,d>)
                )
              )
              (<;>)
            )
          )
        )
        (<}>)
      )
    )
    (<FUNC_DEF_API>
      (<TYPE>
        (<void>)
      )
      (<id,main>)
      (<(>)
      (<)>)
    )
    (<BLK>
      (<{>)
      (<STLIST>
        (<STLIST>
          (<STLIST>
            (<STLIST>
              (<STLIST>
                (<STLIST>
                  (<STLIST>
                    (<STLIST>
                      (<STLIST>
                        (<STLIST>
                          (<EPSILON>)
                        )
                        (<STMT>
                          (<DCL>
                            (<id,w>)
                            (<,>)
                            (<DCL>
                              (<id,x>)
                              (<,>)
                              (<DCL>
                                (<id,y>)
                                (<,>)
                                (<DCL>
                                  (<id,z>)
                                  (<:>)
                                  (<TYPE>
                                    (<int>)
                                  )
                                )
                              )
                            )
                          )
                          (<;>)
                        )
                      )
                      (<STMT>
                        (<ASSN>
                          (<LVAL>
                            (<id,w>)
                          )
                          (<assign,=>)
                          (<EXP>
                            (<NUM>
                              (<integernum,1>)
                            )
                          )
                          (<;>)
                        )
                      )
                    )
                    (<STMT>
                      (<ASSN>
                        (<LVAL>
                          (<id,x>)
                        )
                        (<assign,=>)
                        (<EXP>
                          (<NUM>
                            (<integernum,2>)
                          )
                        )
                        (<;>)
                      )
                    )
                  )
                  (<STMT>
                    (<ASSN>
                      (<LVAL>
                        (<id,y>)
                      )
                      (<assign,=>)
                      (<EXP>
                        (<NUM>
                          (<integernum,3>)
                        )
                      )
                      (<;>)
                    )
                  )
                )
                (<STMT>
                  (<ASSN>
                    (<LVAL>
                      (<id,z>)
                    )
                    (<assign,=>)
                    (<EXP>
                      (<NUM>
                        (<integernum,4>)
                      )
                    )
                    (<;>)
                  )
                )
              )
              (<STMT>
                (<WRITE>
                  (<write>)
                  (<(>)
                  (<EXP>
                    (<CALL>
                      (<id,foo>)
                      (<(>)
                      (<CALL_ARGS>
                        (<POS_ARGLIST>
                          (<EXP>
                            (<id,w>)
                          )
                        )
                        (<,>)
                        (<EXP>
                          (<id,x>)
                        )
                        (<,>)
                        (<EXP>
                          (<id,y>)
                        )
                        (<,>)
                        (<EXP>
                          (<id,z>)
                        )
                      )
                      (<)>)
                    )
                  )
                  (<)>)
                  (<;>)
                )
              )
            )
            (<STMT>
              (<WRITE>
                (<write>)
                (<(>)
                (<EXP>
                  (<CALL>
                    (<id,foo>)
                    (<(>)
                    (<CALL_ARGS>
                      (<NAMED_ARGLIST>
                        (<NAMED_ARG>
                          (<id,a>)
                          (<:>)
                          (<EXP>
                            (<id,w>)
                          )
                        )
                      )
                      (<,>)
                      (<NAMED_ARG>
                        (<id,b>)
                        (<:>)
                        (<EXP>
                          (<id,x>)
                        )
                      )
                      (<,>)
                      (<NAMED_ARG>
                        (<id,c>)
                        (<:>)
                        (<EXP>
                          (<id,y>)
                        )
                      )
                      (<,>)
                      (<NAMED_ARG>
                        (<id,d>)
                        (<:>)
                        (<EXP>
                          (<id,z>)
                        )
                      )
                    )
                    (<)>)
                  )
                )
                (<)>)
                (<;>)
              )
            )
          )
          (<STMT>
            (<WRITE>
              (<write>)
              (<(>)
              (<EXP>
                (<CALL>
                  (<id,foo>)
                  (<(>)
                  (<CALL_ARGS>
                    (<NAMED_ARGLIST>
                      (<NAMED_ARG>
                        (<id,d>)
                        (<:>)
                        (<EXP>
                          (<id,z>)
                        )
                      )
                    )
                    (<,>)
                    (<NAMED_ARG>
                      (<id,c>)
                      (<:>)
                      (<EXP>
                        (<id,y>)
                      )
                    )
                    (<,>)
                    (<NAMED_ARG>
                      (<id,b>)
                      (<:>)
                      (<EXP>
                        (<id,x>)
                      )
                    )
                    (<,>)
                    (<NAMED_ARG>
                      (<id,a>)
                      (<:>)
                      (<EXP>
                        (<id,w>)
                      )
                    )
                  )
                  (<)>)
                )
              )
              (<)>)
              (<;>)
            )
          )
        )
        (<STMT>
          (<WRITE>
            (<write>)
            (<(>)
            (<EXP>
              (<CALL>
                (<id,foo>)
                (<(>)
                (<CALL_ARGS>
                  (<NAMED_ARGLIST>
                    (<NAMED_ARG>
                      (<id,c>)
                      (<:>)
                      (<EXP>
                        (<id,y>)
                      )
                    )
                  )
                  (<,>)
                  (<NAMED_ARG>
                    (<id,d>)
                    (<:>)
                    (<EXP>
                      (<id,z>)
                    )
                  )
                  (<,>)
                  (<NAMED_ARG>
                    (<id,a>)
                    (<:>)
                    (<EXP>
                      (<id,w>)
                    )
                  )
                  (<,>)
                  (<NAMED_ARG>
                    (<id,b>)
                    (<:>)
                    (<EXP>
                      (<id,x>)
                    )
                  )
                )
                (<)>)
              )
            )
            (<)>)
            (<;>)
          )
        )
      )
      (<}>)
    )
  )
)
REFERENCE output
(<PROGRAM>
  (<FDEFS>
    (<FDEFS>
      (<FDEFS>
        (<EPSILON>)
      )
      (<FUNC_DEF_API>
        (<TYPE>
          (<int>)
        )
        (<id,foo>)
        (<(>)
        (<FUNC_ARGLIST>
          (<FUNC_ARGLIST>
            (<DCL>
              (<id,a>)
              (<,>)
              (<DCL>
                (<id,b>)
                (<,>)
                (<DCL>
                  (<id,c>)
                  (<:>)
                  (<TYPE>
                    (<int>)
                  )
                )
              )
            )
          )
          (<,>)
          (<DCL>
            (<id,d>)
            (<:>)
            (<TYPE>
              (<int>)
            )
          )
        )
        (<)>)
      )
      (<BLK>
        (<{>)
        (<STLIST>
          (<STLIST>
            (<EPSILON>)
          )
          (<STMT>
            (<RETURN>
              (<return>)
              (<EXP>
                (<EXP>
                  (<EXP>
                    (<EXP>
                      (<id,a>)
                    )
                    (<addop,+>)
                    (<EXP>
                      (<id,b>)
                    )
                  )
                  (<addop,+>)
                  (<EXP>
                    (<id,c>)
                  )
                )
                (<addop,+>)
                (<EXP>
                  (<id,d>)
                )
              )
              (<;>)
            )
          )
        )
        (<}>)
      )
    )
    (<FUNC_DEF_API>
      (<TYPE>
        (<void>)
      )
      (<id,main>)
      (<(>)
      (<)>)
    )
    (<BLK>
      (<{>)
      (<STLIST>
        (<STLIST>
          (<STLIST>
            (<STLIST>
              (<STLIST>
                (<STLIST>
                  (<STLIST>
                    (<STLIST>
                      (<STLIST>
                        (<STLIST>
                          (<EPSILON>)
                        )
                        (<STMT>
                          (<DCL>
                            (<id,w>)
                            (<,>)
                            (<DCL>
                              (<id,x>)
                              (<,>)
                              (<DCL>
                                (<id,y>)
                                (<,>)
                                (<DCL>
                                  (<id,z>)
                                  (<:>)
                                  (<TYPE>
                                    (<int>)
                                  )
                                )
                              )
                            )
                          )
                          (<;>)
                        )
                      )
                      (<STMT>
                        (<ASSN>
                          (<LVAL>
                            (<id,w>)
                          )
                          (<assign,=>)
                          (<EXP>
                            (<NUM>
                              (<integernum,1>)
                            )
                          )
                          (<;>)
                        )
                      )
                    )
                    (<STMT>
                      (<ASSN>
                        (<LVAL>
                          (<id,x>)
                        )
                        (<assign,=>)
                        (<EXP>
                          (<NUM>
                            (<integernum,2>)
                          )
                        )
                        (<;>)
                      )
                    )
                  )
                  (<STMT>
                    (<ASSN>
                      (<LVAL>
                        (<id,y>)
                      )
                      (<assign,=>)
                      (<EXP>
                        (<NUM>
                          (<integernum,3>)
                        )
                      )
                      (<;>)
                    )
                  )
                )
                (<STMT>
                  (<ASSN>
                    (<LVAL>
                      (<id,z>)
                    )
                    (<assign,=>)
                    (<EXP>
                      (<NUM>
                        (<integernum,4>)
                      )
                    )
                    (<;>)
                  )
                )
              )
              (<STMT>
                (<WRITE>
                  (<write>)
                  (<(>)
                  (<EXP>
                    (<CALL>
                      (<id,foo>)
                      (<(>)
                      (<CALL_ARGS>
                        (<POS_ARGLIST>
                          (<POS_ARGLIST>
                            (<POS_ARGLIST>
                              (<POS_ARGLIST>
                                (<EXP>
                                  (<id,w>)
                                )
                              )
                              (<,>)
                              (<EXP>
                                (<id,x>)
                              )
                            )
                            (<,>)
                            (<EXP>
                              (<id,y>)
                            )
                          )
                          (<,>)
                          (<EXP>
                            (<id,z>)
                          )
                        )
                      )
                      (<)>)
                    )
                  )
                  (<)>)
                  (<;>)
                )
              )
            )
            (<STMT>
              (<WRITE>
                (<write>)
                (<(>)
                (<EXP>
                  (<CALL>
                    (<id,foo>)
                    (<(>)
                    (<CALL_ARGS>
                      (<NAMED_ARGLIST>
                        (<NAMED_ARGLIST>
                          (<NAMED_ARGLIST>
                            (<NAMED_ARGLIST>
                              (<NAMED_ARG>
                                (<id,a>)
                                (<:>)
                                (<EXP>
                                  (<id,w>)
                                )
                              )
                            )
                            (<,>)
                            (<NAMED_ARG>
                              (<id,b>)
                              (<:>)
                              (<EXP>
                                (<id,x>)
                              )
                            )
                          )
                          (<,>)
                          (<NAMED_ARG>
                            (<id,c>)
                            (<:>)
                            (<EXP>
                              (<id,y>)
                            )
                          )
                        )
                        (<,>)
                        (<NAMED_ARG>
                          (<id,d>)
                          (<:>)
                          (<EXP>
                            (<id,z>)
                          )
                        )
                      )
                    )
                    (<)>)
                  )
                )
                (<)>)
                (<;>)
              )
            )
          )
          (<STMT>
            (<WRITE>
              (<write>)
              (<(>)
              (<EXP>
                (<CALL>
                  (<id,foo>)
                  (<(>)
                  (<CALL_ARGS>
                    (<NAMED_ARGLIST>
                      (<NAMED_ARGLIST>
                        (<NAMED_ARGLIST>
                          (<NAMED_ARGLIST>
                            (<NAMED_ARG>
                              (<id,d>)
                              (<:>)
                              (<EXP>
                                (<id,z>)
                              )
                            )
                          )
                          (<,>)
                          (<NAMED_ARG>
                            (<id,c>)
                            (<:>)
                            (<EXP>
                              (<id,y>)
                            )
                          )
                        )
                        (<,>)
                        (<NAMED_ARG>
                          (<id,b>)
                          (<:>)
                          (<EXP>
                            (<id,x>)
                          )
                        )
                      )
                      (<,>)
                      (<NAMED_ARG>
                        (<id,a>)
                        (<:>)
                        (<EXP>
                          (<id,w>)
                        )
                      )
                    )
                  )
                  (<)>)
                )
              )
              (<)>)
              (<;>)
            )
          )
        )
        (<STMT>
          (<WRITE>
            (<write>)
            (<(>)
            (<EXP>
              (<CALL>
                (<id,foo>)
                (<(>)
                (<CALL_ARGS>
                  (<NAMED_ARGLIST>
                    (<NAMED_ARGLIST>
                      (<NAMED_ARGLIST>
                        (<NAMED_ARGLIST>
                          (<NAMED_ARG>
                            (<id,c>)
                            (<:>)
                            (<EXP>
                              (<id,y>)
                            )
                          )
                        )
                        (<,>)
                        (<NAMED_ARG>
                          (<id,d>)
                          (<:>)
                          (<EXP>
                            (<id,z>)
                          )
                        )
                      )
                      (<,>)
                      (<NAMED_ARG>
                        (<id,a>)
                        (<:>)
                        (<EXP>
                          (<id,w>)
                        )
                      )
                    )
                    (<,>)
                    (<NAMED_ARG>
                      (<id,b>)
                      (<:>)
                      (<EXP>
                        (<id,x>)
                      )
                    )
                  )
                )
                (<)>)
              )
            )
            (<)>)
            (<;>)
          )
        )
      )
      (<}>)
    )
  )
)

///////////////////////////////////////////////////////////////////////////////


Student output
REFERENCE output
Syntax error: '}' in line number 8